mpiP: Found MPIP environment variable [-k 2 -f ./dc.mpiP]
mpiP: Set the callsite stack traceback depth to [2].
mpiP: Set the output directory to [./dc.mpiP].
mpiP: 
mpiP: mpiP V3.5.0 (Build Jan  1 1980/00:00:00)
mpiP: 
[INFO] nixos - Worker 4: Awaiting data from coordinator...
[INFO] nixos - Worker 1: Awaiting data from coordinator...
[INFO] nixos - Worker 5: Awaiting data from coordinator...
[INFO] nixos - Worker 2: Awaiting data from coordinator...
[INFO] nixos - Worker 3: Awaiting data from coordinator...
[INFO] nixos - Coordinator: Initializing problem data...
[INFO] nixos - Coordinator: Partitioning cube...
[INFO] nixos - Coordinator: Partition sizes: X: 8, Y: 12, Z: 24
[INFO] nixos - Coordinator: Partition remainders: X: 0, Y: 0, Z: 0
[INFO] nixos - Coordinator: Calculating source...
[INFO] nixos - Coordinator: Source is located at coordinates X: 16, Y: 16 and Z: 16
[INFO] nixos - Coordinator: Worker 2 at coordinates (1, 0, 0) will handle the source at global index 16912 and local index 5384
[INFO] nixos - Coordinator: Worker 4 at coordinates (2, 0, 0) will handle the source at global index 16912 and local index 5376
[INFO] nixos - Coordinator: Worker 3 at coordinates (1, 1, 0) will handle the source at global index 16912 and local index 5192
[INFO] nixos - Coordinator: Worker 5 at coordinates (2, 1, 0) will handle the source at global index 16912 and local index 5184
[INFO] nixos - Coordinator: Partition completed. Sending data to workers...
[INFO] nixos - Worker 1: Data received from coordinator.
[INFO] nixos - Worker 1: Starting worker process...
[INFO] nixos - Worker 1: Starting 1 iterations with sizes 16 20 32
[INFO] nixos - Worker 2: Data received from coordinator.
[INFO] nixos - Worker 2: Starting worker process...
[INFO] nixos - Worker 2: Starting 1 iterations with sizes 16 20 32
[INFO] nixos - Worker 2: Inserting source -0.000028 at 5384
[INFO] nixos - Worker 3: Data received from coordinator.
[INFO] nixos - Worker 3: Starting worker process...
[INFO] nixos - Worker 3: Starting 1 iterations with sizes 16 20 32
[INFO] nixos - Worker 3: Inserting source -0.000028 at 5192
[INFO] nixos - Worker 4: Data received from coordinator.
[INFO] nixos - Worker 4: Starting worker process...
[INFO] nixos - Worker 4: Starting 1 iterations with sizes 16 20 32
[INFO] nixos - Worker 4: Inserting source -0.000028 at 5376
[INFO] nixos - Worker 5: Data received from coordinator.
[INFO] nixos - Worker 5: Starting worker process...
[INFO] nixos - Worker 5: Starting 1 iterations with sizes 16 20 32
[INFO] nixos - Worker 5: Inserting source -0.000028 at 5184
[INFO] nixos - Coordinator: Starting worker process...
[INFO] nixos - Coordinator: Starting 1 iterations with sizes 16 20 32
[INFO] nixos - Worker 1: Processing complete.
[INFO] nixos - Coordinator: Processing complete.
[INFO] nixos - Worker 1: Elapsed time: 0.346470 seconds
[INFO] nixos - Worker 2: Processing complete.
[INFO] nixos - Worker 4: Processing complete.
[INFO] nixos - Worker 3: Processing complete.
[INFO] nixos - Worker 5: Processing complete.
[INFO] nixos - Worker 2: Elapsed time: 0.359326 seconds
[INFO] nixos - Worker 3: Elapsed time: 0.359349 seconds
[INFO] nixos - Worker 4: Elapsed time: 0.359548 seconds
[INFO] nixos - Worker 5: Elapsed time: 0.359549 seconds
[INFO] nixos - Coordinator: Elapsed time: 0.360968 seconds
@ mpiP
@ Command : /nix/store/llify9grggnwihgsx223n1z6rnhnihlk-dc-omp-mpip-0.1.0/bin/dc --size-x=20 --size-y=20 --size-z=20 --absorption=2 --dx=0.1 --dy=0.1 --dz=0.1 --dt=0.1 --time-max=0.1 --output-file=./validation/predicted.dc 
@ Version                  : 3.5.0
@ MPIP Build date          : Jan  1 1980, 00:00:00
@ Start time               : 2026 01 12 18:07:33
@ Stop time                : 2026 01 12 18:07:33
@ Timer Used               : gettimeofday
@ MPIP env var             : -k 2 -f ./dc.mpiP
@ Collector Rank           : 0
@ Collector PID            : 37154
@ Final Output Dir         : ./dc.mpiP
@ Report generation        : Single collector task
@ MPI Task Assignment      : 0 nixos
@ MPI Task Assignment      : 1 nixos
@ MPI Task Assignment      : 2 nixos
@ MPI Task Assignment      : 3 nixos
@ MPI Task Assignment      : 4 nixos
@ MPI Task Assignment      : 5 nixos

---------------------------------------------------------------------------
@--- MPI Time (seconds) ---------------------------------------------------
---------------------------------------------------------------------------
Task    AppTime    MPITime     MPI%
   0      0.362     0.0704    19.46
   1      0.347      0.179    51.48
   2       0.36     0.0209     5.79
   3       0.36     0.0384    10.66
   4       0.36      0.114    31.67
   5       0.36     0.0643    17.85
   *       2.15      0.487    22.65
---------------------------------------------------------------------------
@--- Callsites: 188 -------------------------------------------------------
---------------------------------------------------------------------------
 ID Lev File/Address        Line Parent_Funct             MPI_Call
  1   0 0x7fe7ba81746b           [unknown]                Send
  1   1 0x7fe7ba81f80e           [unknown]                
  2   0 0x7fe7ba81746b           [unknown]                Send
  2   1 0x7fe7ba81f80e           [unknown]                
  3   0 0x7fe7ba80fb37           [unknown]                Cart_create
  3   1 0x7fe7ba81b297           [unknown]                
  4   0 0x7fe7ba81746b           [unknown]                Send
  4   1 0x7fe7ba81f80e           [unknown]                
  5   0 0x7fe7ba81746b           [unknown]                Send
  5   1 0x7fe7ba81f80e           [unknown]                
  6   0 0x7fe7ba81010b           [unknown]                Cart_rank
  6   1 0x7fe7ba81b5ea           [unknown]                
  7   0 0x7fe7ba81010b           [unknown]                Cart_rank
  7   1 0x7fe7ba81b5ea           [unknown]                
  8   0 0x7fe7ba819cfb           [unknown]                Waitall
  8   1 0x7fe7ba821489           [unknown]                
  9   0 0x7fe7ba81746b           [unknown]                Send
  9   1 0x7fe7ba81f80e           [unknown]                
 10   0 0x7fe7ba81746b           [unknown]                Send
 10   1 0x7fe7ba81f80e           [unknown]                
 11   0 0x7fe7ba81746b           [unknown]                Send
 11   1 0x7fe7ba81f80e           [unknown]                
 12   0 0x7fe7ba81746b           [unknown]                Send
 12   1 0x7fe7ba81f80e           [unknown]                
 13   0 0x7fe7ba815c13           [unknown]                Recv
 13   1 0x7fe7ba81e891           [unknown]                
 14   0 0x7fe7ba80f927           [unknown]                Cart_coords
 14   1 0x7fe7ba81b18e           [unknown]                
 15   0 0x7fe7ba81746b           [unknown]                Send
 15   1 0x7fe7ba81f80e           [unknown]                
 16   0 0x7fe7ba814d03           [unknown]                Irecv
 16   1 0x7fe7ba81df51           [unknown]                
 17   0 0x7fe7ba81746b           [unknown]                Send
 17   1 0x7fe7ba81f80e           [unknown]                
 18   0 0x7fe7ba81746b           [unknown]                Send
 18   1 0x7fe7ba81f80e           [unknown]                
 19   0 0x7fe7ba815c13           [unknown]                Recv
 19   1 0x7fe7ba81e891           [unknown]                
 20   0 0x7fe7ba81746b           [unknown]                Send
 20   1 0x7fe7ba81f80e           [unknown]                
 21   0 0x7fe7ba81746b           [unknown]                Send
 21   1 0x7fe7ba81f80e           [unknown]                
 22   0 0x7fe7ba81746b           [unknown]                Send
 22   1 0x7fe7ba81f80e           [unknown]                
 23   0 0x7fe7ba81010b           [unknown]                Cart_rank
 23   1 0x7fe7ba81b5ea           [unknown]                
 24   0 0x7fe7ba81746b           [unknown]                Send
 24   1 0x7fe7ba81f80e           [unknown]                
 25   0 0x7fe7ba81746b           [unknown]                Send
 25   1 0x7fe7ba81f80e           [unknown]                
 26   0 0x7fe7ba80dc1b           [unknown]                Allgather
 26   1 0x7fe7ba81a22c           [unknown]                
 27   0 0x7fe7ba81521b           [unknown]                Isend
 27   1 0x7fe7ba81e271           [unknown]                
 28   0 0x7fe7ba811fab           [unknown]                Dims_create
 28   1 0x7fe7ba81c560           [unknown]                
 29   0 0x7fe7ba81521b           [unknown]                Isend
 29   1 0x7fe7ba81e271           [unknown]                
 30   0 0x7fe7ba815c13           [unknown]                Recv
 30   1 0x7fe7ba81e891           [unknown]                
 31   0 0x7fe7ba819cfb           [unknown]                Waitall
 31   1 0x7fe7ba821489           [unknown]                
 32   0 0x7fe7ba81746b           [unknown]                Send
 32   1 0x7fe7ba81f80e           [unknown]                
 33   0 0x7fe7ba814d03           [unknown]                Irecv
 33   1 0x7fe7ba81df51           [unknown]                
 34   0 0x7faf56c15c13           [unknown]                Recv
 34   1 0x7faf56c1e891           [unknown]                
 35   0 0x7faf56c15c13           [unknown]                Recv
 35   1 0x7faf56c1e891           [unknown]                
 36   0 0x7faf56c0fb37           [unknown]                Cart_create
 36   1 0x7faf56c1b297           [unknown]                
 37   0 0x7faf56c15c13           [unknown]                Recv
 37   1 0x7faf56c1e891           [unknown]                
 38   0 0x7faf56c15c13           [unknown]                Recv
 38   1 0x7faf56c1e891           [unknown]                
 39   0 0x7faf56c1746b           [unknown]                Send
 39   1 0x7faf56c1f80e           [unknown]                
 40   0 0x7faf56c15c13           [unknown]                Recv
 40   1 0x7faf56c1e891           [unknown]                
 41   0 0x7faf56c15c13           [unknown]                Recv
 41   1 0x7faf56c1e891           [unknown]                
 42   0 0x7faf56c19cfb           [unknown]                Waitall
 42   1 0x7faf56c21489           [unknown]                
 43   0 0x7faf56c15c13           [unknown]                Recv
 43   1 0x7faf56c1e891           [unknown]                
 44   0 0x7faf56c15c13           [unknown]                Recv
 44   1 0x7faf56c1e891           [unknown]                
 45   0 0x7faf56c0f927           [unknown]                Cart_coords
 45   1 0x7faf56c1b18e           [unknown]                
 46   0 0x7faf56c15c13           [unknown]                Recv
 46   1 0x7faf56c1e891           [unknown]                
 47   0 0x7faf56c14d03           [unknown]                Irecv
 47   1 0x7faf56c1df51           [unknown]                
 48   0 0x7faf56c1746b           [unknown]                Send
 48   1 0x7faf56c1f80e           [unknown]                
 49   0 0x7faf56c15c13           [unknown]                Recv
 49   1 0x7faf56c1e891           [unknown]                
 50   0 0x7faf56c15c13           [unknown]                Recv
 50   1 0x7faf56c1e891           [unknown]                
 51   0 0x7faf56c15c13           [unknown]                Recv
 51   1 0x7faf56c1e891           [unknown]                
 52   0 0x7faf56c1010b           [unknown]                Cart_rank
 52   1 0x7faf56c1b5ea           [unknown]                
 53   0 0x7faf56c15c13           [unknown]                Recv
 53   1 0x7faf56c1e891           [unknown]                
 54   0 0x7faf56c15c13           [unknown]                Recv
 54   1 0x7faf56c1e891           [unknown]                
 55   0 0x7faf56c1746b           [unknown]                Send
 55   1 0x7faf56c1f80e           [unknown]                
 56   0 0x7faf56c0dc1b           [unknown]                Allgather
 56   1 0x7faf56c1a22c           [unknown]                
 57   0 0x7faf56c1521b           [unknown]                Isend
 57   1 0x7faf56c1e271           [unknown]                
 58   0 0x7faf56c11fab           [unknown]                Dims_create
 58   1 0x7faf56c1c560           [unknown]                
 59   0 0x7faf56c1521b           [unknown]                Isend
 59   1 0x7faf56c1e271           [unknown]                
 60   0 0x7faf56c15c13           [unknown]                Recv
 60   1 0x7faf56c1e891           [unknown]                
 61   0 0x7faf56c15c13           [unknown]                Recv
 61   1 0x7faf56c1e891           [unknown]                
 62   0 0x7faf56c19cfb           [unknown]                Waitall
 62   1 0x7faf56c21489           [unknown]                
 63   0 0x7faf56c14d03           [unknown]                Irecv
 63   1 0x7faf56c1df51           [unknown]                
 64   0 0x7faf56c15c13           [unknown]                Recv
 64   1 0x7faf56c1e891           [unknown]                
 65   0 0x7efeeec15c13           [unknown]                Recv
 65   1 0x7efeeec1e891           [unknown]                
 66   0 0x7efeeec15c13           [unknown]                Recv
 66   1 0x7efeeec1e891           [unknown]                
 67   0 0x7efeeec0fb37           [unknown]                Cart_create
 67   1 0x7efeeec1b297           [unknown]                
 68   0 0x7efeeec15c13           [unknown]                Recv
 68   1 0x7efeeec1e891           [unknown]                
 69   0 0x7efeeec15c13           [unknown]                Recv
 69   1 0x7efeeec1e891           [unknown]                
 70   0 0x7efeeec1746b           [unknown]                Send
 70   1 0x7efeeec1f80e           [unknown]                
 71   0 0x7efeeec15c13           [unknown]                Recv
 71   1 0x7efeeec1e891           [unknown]                
 72   0 0x7efeeec15c13           [unknown]                Recv
 72   1 0x7efeeec1e891           [unknown]                
 73   0 0x7efeeec19cfb           [unknown]                Waitall
 73   1 0x7efeeec21489           [unknown]                
 74   0 0x7efeeec15c13           [unknown]                Recv
 74   1 0x7efeeec1e891           [unknown]                
 75   0 0x7efeeec15c13           [unknown]                Recv
 75   1 0x7efeeec1e891           [unknown]                
 76   0 0x7efeeec0f927           [unknown]                Cart_coords
 76   1 0x7efeeec1b18e           [unknown]                
 77   0 0x7efeeec15c13           [unknown]                Recv
 77   1 0x7efeeec1e891           [unknown]                
 78   0 0x7efeeec1746b           [unknown]                Send
 78   1 0x7efeeec1f80e           [unknown]                
 79   0 0x7efeeec14d03           [unknown]                Irecv
 79   1 0x7efeeec1df51           [unknown]                
 80   0 0x7efeeec15c13           [unknown]                Recv
 80   1 0x7efeeec1e891           [unknown]                
 81   0 0x7efeeec15c13           [unknown]                Recv
 81   1 0x7efeeec1e891           [unknown]                
 82   0 0x7efeeec15c13           [unknown]                Recv
 82   1 0x7efeeec1e891           [unknown]                
 83   0 0x7efeeec1010b           [unknown]                Cart_rank
 83   1 0x7efeeec1b5ea           [unknown]                
 84   0 0x7efeeec15c13           [unknown]                Recv
 84   1 0x7efeeec1e891           [unknown]                
 85   0 0x7efeeec15c13           [unknown]                Recv
 85   1 0x7efeeec1e891           [unknown]                
 86   0 0x7efeeec1746b           [unknown]                Send
 86   1 0x7efeeec1f80e           [unknown]                
 87   0 0x7efeeec0dc1b           [unknown]                Allgather
 87   1 0x7efeeec1a22c           [unknown]                
 88   0 0x7efeeec1521b           [unknown]                Isend
 88   1 0x7efeeec1e271           [unknown]                
 89   0 0x7efeeec1521b           [unknown]                Isend
 89   1 0x7efeeec1e271           [unknown]                
 90   0 0x7efeeec11fab           [unknown]                Dims_create
 90   1 0x7efeeec1c560           [unknown]                
 91   0 0x7efeeec15c13           [unknown]                Recv
 91   1 0x7efeeec1e891           [unknown]                
 92   0 0x7efeeec15c13           [unknown]                Recv
 92   1 0x7efeeec1e891           [unknown]                
 93   0 0x7efeeec19cfb           [unknown]                Waitall
 93   1 0x7efeeec21489           [unknown]                
 94   0 0x7efeeec14d03           [unknown]                Irecv
 94   1 0x7efeeec1df51           [unknown]                
 95   0 0x7efeeec15c13           [unknown]                Recv
 95   1 0x7efeeec1e891           [unknown]                
 96   0 0x7f72b0e15c13           [unknown]                Recv
 96   1 0x7f72b0e1e891           [unknown]                
 97   0 0x7f72b0e15c13           [unknown]                Recv
 97   1 0x7f72b0e1e891           [unknown]                
 98   0 0x7f72b0e0fb37           [unknown]                Cart_create
 98   1 0x7f72b0e1b297           [unknown]                
 99   0 0x7f72b0e15c13           [unknown]                Recv
 99   1 0x7f72b0e1e891           [unknown]                
100   0 0x7f72b0e15c13           [unknown]                Recv
100   1 0x7f72b0e1e891           [unknown]                
101   0 0x7f72b0e1746b           [unknown]                Send
101   1 0x7f72b0e1f80e           [unknown]                
102   0 0x7f72b0e15c13           [unknown]                Recv
102   1 0x7f72b0e1e891           [unknown]                
103   0 0x7f72b0e15c13           [unknown]                Recv
103   1 0x7f72b0e1e891           [unknown]                
104   0 0x7f72b0e19cfb           [unknown]                Waitall
104   1 0x7f72b0e21489           [unknown]                
105   0 0x7f72b0e15c13           [unknown]                Recv
105   1 0x7f72b0e1e891           [unknown]                
106   0 0x7f72b0e15c13           [unknown]                Recv
106   1 0x7f72b0e1e891           [unknown]                
107   0 0x7f72b0e0f927           [unknown]                Cart_coords
107   1 0x7f72b0e1b18e           [unknown]                
108   0 0x7f72b0e15c13           [unknown]                Recv
108   1 0x7f72b0e1e891           [unknown]                
109   0 0x7f72b0e14d03           [unknown]                Irecv
109   1 0x7f72b0e1df51           [unknown]                
110   0 0x7f72b0e1746b           [unknown]                Send
110   1 0x7f72b0e1f80e           [unknown]                
111   0 0x7f72b0e15c13           [unknown]                Recv
111   1 0x7f72b0e1e891           [unknown]                
112   0 0x7f72b0e15c13           [unknown]                Recv
112   1 0x7f72b0e1e891           [unknown]                
113   0 0x7f72b0e15c13           [unknown]                Recv
113   1 0x7f72b0e1e891           [unknown]                
114   0 0x7f72b0e1010b           [unknown]                Cart_rank
114   1 0x7f72b0e1b5ea           [unknown]                
115   0 0x7f72b0e15c13           [unknown]                Recv
115   1 0x7f72b0e1e891           [unknown]                
116   0 0x7f72b0e15c13           [unknown]                Recv
116   1 0x7f72b0e1e891           [unknown]                
117   0 0x7f72b0e1746b           [unknown]                Send
117   1 0x7f72b0e1f80e           [unknown]                
118   0 0x7f72b0e0dc1b           [unknown]                Allgather
118   1 0x7f72b0e1a22c           [unknown]                
119   0 0x7f72b0e1521b           [unknown]                Isend
119   1 0x7f72b0e1e271           [unknown]                
120   0 0x7f72b0e1521b           [unknown]                Isend
120   1 0x7f72b0e1e271           [unknown]                
121   0 0x7f72b0e11fab           [unknown]                Dims_create
121   1 0x7f72b0e1c560           [unknown]                
122   0 0x7f72b0e15c13           [unknown]                Recv
122   1 0x7f72b0e1e891           [unknown]                
123   0 0x7f72b0e15c13           [unknown]                Recv
123   1 0x7f72b0e1e891           [unknown]                
124   0 0x7f72b0e19cfb           [unknown]                Waitall
124   1 0x7f72b0e21489           [unknown]                
125   0 0x7f72b0e14d03           [unknown]                Irecv
125   1 0x7f72b0e1df51           [unknown]                
126   0 0x7f72b0e15c13           [unknown]                Recv
126   1 0x7f72b0e1e891           [unknown]                
127   0 0x7f37da615c13           [unknown]                Recv
127   1 0x7f37da61e891           [unknown]                
128   0 0x7f37da615c13           [unknown]                Recv
128   1 0x7f37da61e891           [unknown]                
129   0 0x7f37da60fb37           [unknown]                Cart_create
129   1 0x7f37da61b297           [unknown]                
130   0 0x7f37da615c13           [unknown]                Recv
130   1 0x7f37da61e891           [unknown]                
131   0 0x7f37da615c13           [unknown]                Recv
131   1 0x7f37da61e891           [unknown]                
132   0 0x7f37da615c13           [unknown]                Recv
132   1 0x7f37da61e891           [unknown]                
133   0 0x7f37da61746b           [unknown]                Send
133   1 0x7f37da61f80e           [unknown]                
134   0 0x7f37da619cfb           [unknown]                Waitall
134   1 0x7f37da621489           [unknown]                
135   0 0x7f37da615c13           [unknown]                Recv
135   1 0x7f37da61e891           [unknown]                
136   0 0x7f37da615c13           [unknown]                Recv
136   1 0x7f37da61e891           [unknown]                
137   0 0x7f37da615c13           [unknown]                Recv
137   1 0x7f37da61e891           [unknown]                
138   0 0x7f37da60f927           [unknown]                Cart_coords
138   1 0x7f37da61b18e           [unknown]                
139   0 0x7f37da615c13           [unknown]                Recv
139   1 0x7f37da61e891           [unknown]                
140   0 0x7f37da61746b           [unknown]                Send
140   1 0x7f37da61f80e           [unknown]                
141   0 0x7f37da614d03           [unknown]                Irecv
141   1 0x7f37da61df51           [unknown]                
142   0 0x7f37da615c13           [unknown]                Recv
142   1 0x7f37da61e891           [unknown]                
143   0 0x7f37da615c13           [unknown]                Recv
143   1 0x7f37da61e891           [unknown]                
144   0 0x7f37da615c13           [unknown]                Recv
144   1 0x7f37da61e891           [unknown]                
145   0 0x7f37da61010b           [unknown]                Cart_rank
145   1 0x7f37da61b5ea           [unknown]                
146   0 0x7f37da61746b           [unknown]                Send
146   1 0x7f37da61f80e           [unknown]                
147   0 0x7f37da615c13           [unknown]                Recv
147   1 0x7f37da61e891           [unknown]                
148   0 0x7f37da615c13           [unknown]                Recv
148   1 0x7f37da61e891           [unknown]                
149   0 0x7f37da60dc1b           [unknown]                Allgather
149   1 0x7f37da61a22c           [unknown]                
150   0 0x7f37da61521b           [unknown]                Isend
150   1 0x7f37da61e271           [unknown]                
151   0 0x7f37da611fab           [unknown]                Dims_create
151   1 0x7f37da61c560           [unknown]                
152   0 0x7f37da61521b           [unknown]                Isend
152   1 0x7f37da61e271           [unknown]                
153   0 0x7f37da619cfb           [unknown]                Waitall
153   1 0x7f37da621489           [unknown]                
154   0 0x7f37da615c13           [unknown]                Recv
154   1 0x7f37da61e891           [unknown]                
155   0 0x7f37da615c13           [unknown]                Recv
155   1 0x7f37da61e891           [unknown]                
156   0 0x7f37da614d03           [unknown]                Irecv
156   1 0x7f37da61df51           [unknown]                
157   0 0x7f37da615c13           [unknown]                Recv
157   1 0x7f37da61e891           [unknown]                
158   0 0x7f90aca15c13           [unknown]                Recv
158   1 0x7f90aca1e891           [unknown]                
159   0 0x7f90aca15c13           [unknown]                Recv
159   1 0x7f90aca1e891           [unknown]                
160   0 0x7f90aca0fb37           [unknown]                Cart_create
160   1 0x7f90aca1b297           [unknown]                
161   0 0x7f90aca15c13           [unknown]                Recv
161   1 0x7f90aca1e891           [unknown]                
162   0 0x7f90aca15c13           [unknown]                Recv
162   1 0x7f90aca1e891           [unknown]                
163   0 0x7f90aca15c13           [unknown]                Recv
163   1 0x7f90aca1e891           [unknown]                
164   0 0x7f90aca1746b           [unknown]                Send
164   1 0x7f90aca1f80e           [unknown]                
165   0 0x7f90aca19cfb           [unknown]                Waitall
165   1 0x7f90aca21489           [unknown]                
166   0 0x7f90aca15c13           [unknown]                Recv
166   1 0x7f90aca1e891           [unknown]                
167   0 0x7f90aca15c13           [unknown]                Recv
167   1 0x7f90aca1e891           [unknown]                
168   0 0x7f90aca15c13           [unknown]                Recv
168   1 0x7f90aca1e891           [unknown]                
169   0 0x7f90aca0f927           [unknown]                Cart_coords
169   1 0x7f90aca1b18e           [unknown]                
170   0 0x7f90aca15c13           [unknown]                Recv
170   1 0x7f90aca1e891           [unknown]                
171   0 0x7f90aca14d03           [unknown]                Irecv
171   1 0x7f90aca1df51           [unknown]                
172   0 0x7f90aca1746b           [unknown]                Send
172   1 0x7f90aca1f80e           [unknown]                
173   0 0x7f90aca15c13           [unknown]                Recv
173   1 0x7f90aca1e891           [unknown]                
174   0 0x7f90aca15c13           [unknown]                Recv
174   1 0x7f90aca1e891           [unknown]                
175   0 0x7f90aca15c13           [unknown]                Recv
175   1 0x7f90aca1e891           [unknown]                
176   0 0x7f90aca1010b           [unknown]                Cart_rank
176   1 0x7f90aca1b5ea           [unknown]                
177   0 0x7f90aca1746b           [unknown]                Send
177   1 0x7f90aca1f80e           [unknown]                
178   0 0x7f90aca15c13           [unknown]                Recv
178   1 0x7f90aca1e891           [unknown]                
179   0 0x7f90aca15c13           [unknown]                Recv
179   1 0x7f90aca1e891           [unknown]                
180   0 0x7f90aca0dc1b           [unknown]                Allgather
180   1 0x7f90aca1a22c           [unknown]                
181   0 0x7f90aca1521b           [unknown]                Isend
181   1 0x7f90aca1e271           [unknown]                
182   0 0x7f90aca11fab           [unknown]                Dims_create
182   1 0x7f90aca1c560           [unknown]                
183   0 0x7f90aca1521b           [unknown]                Isend
183   1 0x7f90aca1e271           [unknown]                
184   0 0x7f90aca19cfb           [unknown]                Waitall
184   1 0x7f90aca21489           [unknown]                
185   0 0x7f90aca15c13           [unknown]                Recv
185   1 0x7f90aca1e891           [unknown]                
186   0 0x7f90aca15c13           [unknown]                Recv
186   1 0x7f90aca1e891           [unknown]                
187   0 0x7f90aca14d03           [unknown]                Irecv
187   1 0x7f90aca1df51           [unknown]                
188   0 0x7f90aca15c13           [unknown]                Recv
188   1 0x7f90aca1e891           [unknown]                
---------------------------------------------------------------------------
@--- Aggregate Time (top twenty, descending, milliseconds) ----------------
---------------------------------------------------------------------------
Call                 Site       Time    App%    MPI%      Count    COV
Waitall                62        133    6.20   27.38          1   0.00
Waitall               153       85.2    3.96   17.50          1   0.00
Waitall                42       40.1    1.86    8.23          1   0.00
Recv                  185       33.1    1.54    6.81          1   0.00
Send                   10       31.1    1.45    6.40          5   0.00
Waitall               104       16.6    0.77    3.42          1   0.00
Waitall               124       15.6    0.73    3.21          1   0.00
Waitall               134       15.4    0.72    3.17          1   0.00
Waitall                73       15.4    0.72    3.16          1   0.00
Recv                   30       12.9    0.60    2.65          5   0.00
Recv                  173       12.7    0.59    2.60          1   0.00
Send                    4         11    0.51    2.26          5   0.00
Irecv                 171       7.68    0.36    1.58          3   0.00
Recv                  178       7.02    0.33    1.44          1   0.00
Recv                  132       6.09    0.28    1.25          1   0.00
Recv                  142       5.51    0.26    1.13          1   0.00
Waitall                 8       5.48    0.25    1.13          1   0.00
Recv                  111        5.1    0.24    1.05          1   0.00
Recv                   80       4.74    0.22    0.97          1   0.00
Recv                   49       4.47    0.21    0.92          1   0.00
---------------------------------------------------------------------------
@--- Aggregate Sent Message Size (top twenty, descending, bytes) ----------
---------------------------------------------------------------------------
Call                 Site      Count      Total       Avrg  Sent%
Send                   32          5   2.05e+05    4.1e+04   6.00
Send                    4          5   2.05e+05    4.1e+04   6.00
Send                    5          5   2.05e+05    4.1e+04   6.00
Send                    2          5   2.05e+05    4.1e+04   6.00
Send                    1          5   2.05e+05    4.1e+04   6.00
Send                   15          5   2.05e+05    4.1e+04   6.00
Send                   12          5   2.05e+05    4.1e+04   6.00
Send                   10          5   2.05e+05    4.1e+04   6.00
Send                   11          5   2.05e+05    4.1e+04   6.00
Send                    9          5   2.05e+05    4.1e+04   6.00
Send                   22          5   2.05e+05    4.1e+04   6.00
Send                   20          5   2.05e+05    4.1e+04   6.00
Send                   18          5   2.05e+05    4.1e+04   6.00
Send                   24          5   2.05e+05    4.1e+04   6.00
Send                  110          1    4.1e+04    4.1e+04   1.20
Send                  117          1    4.1e+04    4.1e+04   1.20
Send                   78          1    4.1e+04    4.1e+04   1.20
Send                   86          1    4.1e+04    4.1e+04   1.20
Send                   55          1    4.1e+04    4.1e+04   1.20
Send                   48          1    4.1e+04    4.1e+04   1.20
---------------------------------------------------------------------------
@--- Callsite Time statistics (all, milliseconds): 188 --------------------
---------------------------------------------------------------------------
Name              Site Rank  Count      Max     Mean      Min   App%   MPI%
Allgather           26    0      1    0.026    0.026    0.026   0.01   0.04
Allgather           26    *      1    0.026    0.026    0.026   0.00   0.01

Allgather           56    1      1    0.023    0.023    0.023   0.01   0.01
Allgather           56    *      1    0.023    0.023    0.023   0.00   0.00

Allgather           87    2      1    0.033    0.033    0.033   0.01   0.16
Allgather           87    *      1    0.033    0.033    0.033   0.00   0.01

Allgather          118    3      1    0.026    0.026    0.026   0.01   0.07
Allgather          118    *      1    0.026    0.026    0.026   0.00   0.01

Allgather          149    4      1    0.026    0.026    0.026   0.01   0.02
Allgather          149    *      1    0.026    0.026    0.026   0.00   0.01

Allgather          180    5      1    0.023    0.023    0.023   0.01   0.04
Allgather          180    *      1    0.023    0.023    0.023   0.00   0.00

Cart_coords         14    0      1    0.003    0.003    0.003   0.00   0.00
Cart_coords         14    *      1    0.003    0.003    0.003   0.00   0.00

Cart_coords         45    1      1    0.003    0.003    0.003   0.00   0.00
Cart_coords         45    *      1    0.003    0.003    0.003   0.00   0.00

Cart_coords         76    2      1    0.002    0.002    0.002   0.00   0.01
Cart_coords         76    *      1    0.002    0.002    0.002   0.00   0.00

Cart_coords        107    3      1    0.003    0.003    0.003   0.00   0.01
Cart_coords        107    *      1    0.003    0.003    0.003   0.00   0.00

Cart_coords        138    4      1    0.002    0.002    0.002   0.00   0.00
Cart_coords        138    *      1    0.002    0.002    0.002   0.00   0.00

Cart_coords        169    5      1    0.003    0.003    0.003   0.00   0.00
Cart_coords        169    *      1    0.003    0.003    0.003   0.00   0.00

Cart_create          3    0      1    0.195    0.195    0.195   0.05   0.28
Cart_create          3    *      1    0.195    0.195    0.195   0.01   0.04

Cart_create         36    1      1    0.197    0.197    0.197   0.06   0.11
Cart_create         36    *      1    0.197    0.197    0.197   0.01   0.04

Cart_create         67    2      1    0.087    0.087    0.087   0.02   0.42
Cart_create         67    *      1    0.087    0.087    0.087   0.00   0.02

Cart_create         98    3      1    0.235    0.235    0.235   0.07   0.61
Cart_create         98    *      1    0.235    0.235    0.235   0.01   0.05

Cart_create        129    4      1    0.271    0.271    0.271   0.08   0.24
Cart_create        129    *      1    0.271    0.271    0.271   0.01   0.06

Cart_create        160    5      1    0.355    0.355    0.355   0.10   0.55
Cart_create        160    *      1    0.355    0.355    0.355   0.02   0.07

Cart_rank            6    0      6    0.003    0.003    0.003   0.00   0.03
Cart_rank            6    *      6    0.003    0.003    0.003   0.00   0.00

Cart_rank            7    0      6    0.007   0.0035    0.002   0.01   0.03
Cart_rank            7    *      6    0.007   0.0035    0.002   0.00   0.00

Cart_rank           23    0      3    0.003  0.00233    0.002   0.00   0.01
Cart_rank           23    *      3    0.003  0.00233    0.002   0.00   0.00

Cart_rank           52    1      3    0.003  0.00233    0.002   0.00   0.00
Cart_rank           52    *      3    0.003  0.00233    0.002   0.00   0.00

Cart_rank           83    2      5    0.002    0.002    0.002   0.00   0.05
Cart_rank           83    *      5    0.002    0.002    0.002   0.00   0.00

Cart_rank          114    3      5    0.003   0.0024    0.002   0.00   0.03
Cart_rank          114    *      5    0.003   0.0024    0.002   0.00   0.00

Cart_rank          145    4      3    0.003  0.00233    0.002   0.00   0.01
Cart_rank          145    *      3    0.003  0.00233    0.002   0.00   0.00

Cart_rank          176    5      3    0.003  0.00267    0.002   0.00   0.01
Cart_rank          176    *      3    0.003  0.00267    0.002   0.00   0.00

Dims_create         28    0      1    0.023    0.023    0.023   0.01   0.03
Dims_create         28    *      1    0.023    0.023    0.023   0.00   0.00

Dims_create         58    1      1    0.026    0.026    0.026   0.01   0.01
Dims_create         58    *      1    0.026    0.026    0.026   0.00   0.01

Dims_create         90    2      1    0.024    0.024    0.024   0.01   0.12
Dims_create         90    *      1    0.024    0.024    0.024   0.00   0.00

Dims_create        121    3      1    0.027    0.027    0.027   0.01   0.07
Dims_create        121    *      1    0.027    0.027    0.027   0.00   0.01

Dims_create        151    4      1    0.023    0.023    0.023   0.01   0.02
Dims_create        151    *      1    0.023    0.023    0.023   0.00   0.00

Dims_create        182    5      1    0.045    0.045    0.045   0.01   0.07
Dims_create        182    *      1    0.045    0.045    0.045   0.00   0.01

Irecv               16    0      3    0.004    0.003    0.002   0.00   0.01
Irecv               16    *      3    0.004    0.003    0.002   0.00   0.00

Irecv               33    0      3    0.005    0.003    0.002   0.00   0.01
Irecv               33    *      3    0.005    0.003    0.002   0.00   0.00

Irecv               47    1      3    0.003  0.00233    0.002   0.00   0.00
Irecv               47    *      3    0.003  0.00233    0.002   0.00   0.00

Irecv               63    1      3    0.022  0.00833    0.001   0.01   0.01
Irecv               63    *      3    0.022  0.00833    0.001   0.00   0.01

Irecv               79    2      5    0.025   0.0072    0.002   0.01   0.17
Irecv               79    *      5    0.025   0.0072    0.002   0.00   0.01

Irecv               94    2      5    0.003   0.0024    0.002   0.00   0.06
Irecv               94    *      5    0.003   0.0024    0.002   0.00   0.00

Irecv              109    3      5    0.021    0.006    0.002   0.01   0.08
Irecv              109    *      5    0.021    0.006    0.002   0.00   0.01

Irecv              125    3      5    0.002    0.002    0.002   0.00   0.03
Irecv              125    *      5    0.002    0.002    0.002   0.00   0.00

Irecv              141    4      3    0.002    0.002    0.002   0.00   0.01
Irecv              141    *      3    0.002    0.002    0.002   0.00   0.00

Irecv              156    4      3    0.022    0.009    0.002   0.01   0.02
Irecv              156    *      3    0.022    0.009    0.002   0.00   0.01

Irecv              171    5      3     7.67     2.56    0.003   2.13  11.93
Irecv              171    *      3     7.67     2.56    0.003   0.36   1.58

Irecv              187    5      3    0.019  0.00733    0.001   0.01   0.03
Irecv              187    *      3    0.019  0.00733    0.001   0.00   0.00

Isend               27    0      3    0.007  0.00367    0.002   0.00   0.02
Isend               27    *      3    0.007  0.00367    0.002   0.00   0.00

Isend               29    0      3    0.013  0.00933    0.003   0.01   0.04
Isend               29    *      3    0.013  0.00933    0.003   0.00   0.01

Isend               57    1      3    0.035   0.0137    0.003   0.01   0.02
Isend               57    *      3    0.035   0.0137    0.003   0.00   0.01

Isend               59    1      3    0.025   0.0113    0.004   0.01   0.02
Isend               59    *      3    0.025   0.0113    0.004   0.00   0.01

Isend               88    2      5    0.003   0.0024    0.002   0.00   0.06
Isend               88    *      5    0.003   0.0024    0.002   0.00   0.00

Isend               89    2      5    0.034   0.0132    0.003   0.02   0.32
Isend               89    *      5    0.034   0.0132    0.003   0.00   0.01

Isend              119    3      5    0.239   0.0502    0.003   0.07   0.65
Isend              119    *      5    0.239   0.0502    0.003   0.01   0.05

Isend              120    3      5    0.034   0.0124    0.004   0.02   0.16
Isend              120    *      5    0.034   0.0124    0.004   0.00   0.01

Isend              150    4      3     1.01    0.339    0.002   0.28   0.89
Isend              150    *      3     1.01    0.339    0.002   0.05   0.21

Isend              152    4      3    0.023   0.0103    0.003   0.01   0.03
Isend              152    *      3    0.023   0.0103    0.003   0.00   0.01

Isend              181    5      3    0.035   0.0137    0.003   0.01   0.06
Isend              181    *      3    0.035   0.0137    0.003   0.00   0.01

Isend              183    5      3    0.019   0.0113    0.004   0.01   0.05
Isend              183    *      3    0.019   0.0113    0.004   0.00   0.01

Recv                13    0      5    0.015   0.0128     0.01   0.02   0.09
Recv                13    *      5    0.015   0.0128     0.01   0.00   0.01

Recv                19    0      5    0.023   0.0146    0.011   0.02   0.10
Recv                19    *      5    0.023   0.0146    0.011   0.00   0.01

Recv                30    0      5     12.8     2.58    0.003   3.57  18.34
Recv                30    *      5     12.8     2.58    0.003   0.60   2.65

Recv                34    1      1    0.024    0.024    0.024   0.01   0.01
Recv                34    *      1    0.024    0.024    0.024   0.00   0.00

Recv                35    1      1     0.02     0.02     0.02   0.01   0.01
Recv                35    *      1     0.02     0.02     0.02   0.00   0.00

Recv                37    1      1    0.002    0.002    0.002   0.00   0.00
Recv                37    *      1    0.002    0.002    0.002   0.00   0.00

Recv                38    1      1     0.02     0.02     0.02   0.01   0.01
Recv                38    *      1     0.02     0.02     0.02   0.00   0.00

Recv                40    1      1    0.016    0.016    0.016   0.00   0.01
Recv                40    *      1    0.016    0.016    0.016   0.00   0.00

Recv                41    1      1    0.017    0.017    0.017   0.00   0.01
Recv                41    *      1    0.017    0.017    0.017   0.00   0.00

Recv                43    1      1    0.017    0.017    0.017   0.00   0.01
Recv                43    *      1    0.017    0.017    0.017   0.00   0.00

Recv                44    1      1    0.016    0.016    0.016   0.00   0.01
Recv                44    *      1    0.016    0.016    0.016   0.00   0.00

Recv                46    1      1    0.025    0.025    0.025   0.01   0.01
Recv                46    *      1    0.025    0.025    0.025   0.00   0.01

Recv                49    1      1     4.47     4.47     4.47   1.29   2.50
Recv                49    *      1     4.47     4.47     4.47   0.21   0.92

Recv                50    1      1    0.026    0.026    0.026   0.01   0.01
Recv                50    *      1    0.026    0.026    0.026   0.00   0.01

Recv                51    1      1    0.015    0.015    0.015   0.00   0.01
Recv                51    *      1    0.015    0.015    0.015   0.00   0.00

Recv                53    1      1    0.022    0.022    0.022   0.01   0.01
Recv                53    *      1    0.022    0.022    0.022   0.00   0.00

Recv                54    1      1    0.022    0.022    0.022   0.01   0.01
Recv                54    *      1    0.022    0.022    0.022   0.00   0.00

Recv                60    1      1    0.016    0.016    0.016   0.00   0.01
Recv                60    *      1    0.016    0.016    0.016   0.00   0.00

Recv                61    1      1     0.02     0.02     0.02   0.01   0.01
Recv                61    *      1     0.02     0.02     0.02   0.00   0.00

Recv                64    1      1    0.005    0.005    0.005   0.00   0.00
Recv                64    *      1    0.005    0.005    0.005   0.00   0.00

Recv                65    2      1    0.031    0.031    0.031   0.01   0.15
Recv                65    *      1    0.031    0.031    0.031   0.00   0.01

Recv                66    2      1    0.021    0.021    0.021   0.01   0.10
Recv                66    *      1    0.021    0.021    0.021   0.00   0.00

Recv                68    2      1    0.003    0.003    0.003   0.00   0.01
Recv                68    *      1    0.003    0.003    0.003   0.00   0.00

Recv                69    2      1    0.022    0.022    0.022   0.01   0.11
Recv                69    *      1    0.022    0.022    0.022   0.00   0.00

Recv                71    2      1    0.026    0.026    0.026   0.01   0.12
Recv                71    *      1    0.026    0.026    0.026   0.00   0.01

Recv                72    2      1    0.022    0.022    0.022   0.01   0.11
Recv                72    *      1    0.022    0.022    0.022   0.00   0.00

Recv                74    2      1    0.022    0.022    0.022   0.01   0.11
Recv                74    *      1    0.022    0.022    0.022   0.00   0.00

Recv                75    2      1    0.021    0.021    0.021   0.01   0.10
Recv                75    *      1    0.021    0.021    0.021   0.00   0.00

Recv                77    2      1    0.024    0.024    0.024   0.01   0.12
Recv                77    *      1    0.024    0.024    0.024   0.00   0.00

Recv                80    2      1     4.74     4.74     4.74   1.32  22.71
Recv                80    *      1     4.74     4.74     4.74   0.22   0.97

Recv                81    2      1    0.025    0.025    0.025   0.01   0.12
Recv                81    *      1    0.025    0.025    0.025   0.00   0.01

Recv                82    2      1    0.026    0.026    0.026   0.01   0.12
Recv                82    *      1    0.026    0.026    0.026   0.00   0.01

Recv                84    2      1    0.024    0.024    0.024   0.01   0.12
Recv                84    *      1    0.024    0.024    0.024   0.00   0.00

Recv                85    2      1    0.021    0.021    0.021   0.01   0.10
Recv                85    *      1    0.021    0.021    0.021   0.00   0.00

Recv                91    2      1    0.021    0.021    0.021   0.01   0.10
Recv                91    *      1    0.021    0.021    0.021   0.00   0.00

Recv                92    2      1    0.024    0.024    0.024   0.01   0.12
Recv                92    *      1    0.024    0.024    0.024   0.00   0.00

Recv                95    2      1    0.004    0.004    0.004   0.00   0.02
Recv                95    *      1    0.004    0.004    0.004   0.00   0.00

Recv                96    3      1    0.021    0.021    0.021   0.01   0.05
Recv                96    *      1    0.021    0.021    0.021   0.00   0.00

Recv                97    3      1    0.017    0.017    0.017   0.00   0.04
Recv                97    *      1    0.017    0.017    0.017   0.00   0.00

Recv                99    3      1    0.002    0.002    0.002   0.00   0.01
Recv                99    *      1    0.002    0.002    0.002   0.00   0.00

Recv               100    3      1    0.023    0.023    0.023   0.01   0.06
Recv               100    *      1    0.023    0.023    0.023   0.00   0.00

Recv               102    3      1    0.018    0.018    0.018   0.00   0.05
Recv               102    *      1    0.018    0.018    0.018   0.00   0.00

Recv               103    3      1    0.019    0.019    0.019   0.01   0.05
Recv               103    *      1    0.019    0.019    0.019   0.00   0.00

Recv               105    3      1    0.021    0.021    0.021   0.01   0.05
Recv               105    *      1    0.021    0.021    0.021   0.00   0.00

Recv               106    3      1    0.017    0.017    0.017   0.00   0.04
Recv               106    *      1    0.017    0.017    0.017   0.00   0.00

Recv               108    3      1    0.017    0.017    0.017   0.00   0.04
Recv               108    *      1    0.017    0.017    0.017   0.00   0.00

Recv               111    3      1      5.1      5.1      5.1   1.42  13.29
Recv               111    *      1      5.1      5.1      5.1   0.24   1.05

Recv               112    3      1    0.027    0.027    0.027   0.01   0.07
Recv               112    *      1    0.027    0.027    0.027   0.00   0.01

Recv               113    3      1    0.017    0.017    0.017   0.00   0.04
Recv               113    *      1    0.017    0.017    0.017   0.00   0.00

Recv               115    3      1     0.02     0.02     0.02   0.01   0.05
Recv               115    *      1     0.02     0.02     0.02   0.00   0.00

Recv               116    3      1     0.02     0.02     0.02   0.01   0.05
Recv               116    *      1     0.02     0.02     0.02   0.00   0.00

Recv               122    3      1    0.018    0.018    0.018   0.00   0.05
Recv               122    *      1    0.018    0.018    0.018   0.00   0.00

Recv               123    3      1    0.018    0.018    0.018   0.00   0.05
Recv               123    *      1    0.018    0.018    0.018   0.00   0.00

Recv               126    3      1    0.006    0.006    0.006   0.00   0.02
Recv               126    *      1    0.006    0.006    0.006   0.00   0.00

Recv               127    4      1    0.041    0.041    0.041   0.01   0.04
Recv               127    *      1    0.041    0.041    0.041   0.00   0.01

Recv               128    4      1     0.02     0.02     0.02   0.01   0.02
Recv               128    *      1     0.02     0.02     0.02   0.00   0.00

Recv               130    4      1    0.003    0.003    0.003   0.00   0.00
Recv               130    *      1    0.003    0.003    0.003   0.00   0.00

Recv               131    4      1    0.026    0.026    0.026   0.01   0.02
Recv               131    *      1    0.026    0.026    0.026   0.00   0.01

Recv               132    4      1     6.09     6.09     6.09   1.69   5.34
Recv               132    *      1     6.09     6.09     6.09   0.28   1.25

Recv               135    4      1    0.019    0.019    0.019   0.01   0.02
Recv               135    *      1    0.019    0.019    0.019   0.00   0.00

Recv               136    4      1    0.131    0.131    0.131   0.04   0.11
Recv               136    *      1    0.131    0.131    0.131   0.01   0.03

Recv               137    4      1    0.023    0.023    0.023   0.01   0.02
Recv               137    *      1    0.023    0.023    0.023   0.00   0.00

Recv               139    4      1    0.021    0.021    0.021   0.01   0.02
Recv               139    *      1    0.021    0.021    0.021   0.00   0.00

Recv               142    4      1     5.51     5.51     5.51   1.53   4.83
Recv               142    *      1     5.51     5.51     5.51   0.26   1.13

Recv               143    4      1     0.03     0.03     0.03   0.01   0.03
Recv               143    *      1     0.03     0.03     0.03   0.00   0.01

Recv               144    4      1    0.022    0.022    0.022   0.01   0.02
Recv               144    *      1    0.022    0.022    0.022   0.00   0.00

Recv               147    4      1    0.024    0.024    0.024   0.01   0.02
Recv               147    *      1    0.024    0.024    0.024   0.00   0.00

Recv               148    4      1    0.017    0.017    0.017   0.00   0.01
Recv               148    *      1    0.017    0.017    0.017   0.00   0.00

Recv               154    4      1    0.023    0.023    0.023   0.01   0.02
Recv               154    *      1    0.023    0.023    0.023   0.00   0.00

Recv               155    4      1    0.018    0.018    0.018   0.00   0.02
Recv               155    *      1    0.018    0.018    0.018   0.00   0.00

Recv               157    4      1    0.007    0.007    0.007   0.00   0.01
Recv               157    *      1    0.007    0.007    0.007   0.00   0.00

Recv               158    5      1     2.83     2.83     2.83   0.79   4.40
Recv               158    *      1     2.83     2.83     2.83   0.13   0.58

Recv               159    5      1    0.029    0.029    0.029   0.01   0.05
Recv               159    *      1    0.029    0.029    0.029   0.00   0.01

Recv               161    5      1    0.002    0.002    0.002   0.00   0.00
Recv               161    *      1    0.002    0.002    0.002   0.00   0.00

Recv               162    5      1    0.022    0.022    0.022   0.01   0.03
Recv               162    *      1    0.022    0.022    0.022   0.00   0.00

Recv               163    5      1    0.019    0.019    0.019   0.01   0.03
Recv               163    *      1    0.019    0.019    0.019   0.00   0.00

Recv               166    5      1    0.018    0.018    0.018   0.00   0.03
Recv               166    *      1    0.018    0.018    0.018   0.00   0.00

Recv               167    5      1     0.02     0.02     0.02   0.01   0.03
Recv               167    *      1     0.02     0.02     0.02   0.00   0.00

Recv               168    5      1    0.016    0.016    0.016   0.00   0.02
Recv               168    *      1    0.016    0.016    0.016   0.00   0.00

Recv               170    5      1    0.017    0.017    0.017   0.00   0.03
Recv               170    *      1    0.017    0.017    0.017   0.00   0.00

Recv               173    5      1     12.7     12.7     12.7   3.52  19.71
Recv               173    *      1     12.7     12.7     12.7   0.59   2.60

Recv               174    5      1    0.024    0.024    0.024   0.01   0.04
Recv               174    *      1    0.024    0.024    0.024   0.00   0.00

Recv               175    5      1    0.017    0.017    0.017   0.00   0.03
Recv               175    *      1    0.017    0.017    0.017   0.00   0.00

Recv               178    5      1     7.02     7.02     7.02   1.95  10.91
Recv               178    *      1     7.02     7.02     7.02   0.33   1.44

Recv               179    5      1     0.02     0.02     0.02   0.01   0.03
Recv               179    *      1     0.02     0.02     0.02   0.00   0.00

Recv               185    5      1     33.1     33.1     33.1   9.19  51.49
Recv               185    *      1     33.1     33.1     33.1   1.54   6.81

Recv               186    5      1    0.016    0.016    0.016   0.00   0.02
Recv               186    *      1    0.016    0.016    0.016   0.00   0.00

Recv               188    5      1    0.006    0.006    0.006   0.00   0.01
Recv               188    *      1    0.006    0.006    0.006   0.00   0.00

Send                 1    0      5    0.032   0.0214    0.016   0.03   0.15
Send                 1    *      5    0.032   0.0214    0.016   0.00   0.02

Send                 2    0      5     1.62    0.362     0.04   0.50   2.57
Send                 2    *      5     1.62    0.362     0.04   0.08   0.37

Send                 4    0      5     10.9      2.2    0.018   3.04  15.64
Send                 4    *      5     10.9      2.2    0.018   0.51   2.26

Send                 5    0      5    0.024    0.022     0.02   0.03   0.16
Send                 5    *      5    0.024    0.022     0.02   0.01   0.02

Send                 9    0      5    0.023   0.0196    0.016   0.03   0.14
Send                 9    *      5    0.023   0.0196    0.016   0.00   0.02

Send                10    0      5     31.1     6.23    0.016   8.61  44.26
Send                10    *      5     31.1     6.23    0.016   1.45   6.40

Send                11    0      5     4.08    0.836    0.021   1.16   5.94
Send                11    *      5     4.08    0.836    0.021   0.19   0.86

Send                12    0      5    0.041   0.0278    0.017   0.04   0.20
Send                12    *      5    0.041   0.0278    0.017   0.01   0.03

Send                15    0      5     2.14    0.459    0.034   0.63   3.26
Send                15    *      5     2.14    0.459    0.034   0.11   0.47

Send                17    0      5    0.006   0.0036    0.002   0.00   0.03
Send                17    *      5    0.006   0.0036    0.002   0.00   0.00

Send                18    0      5    0.026   0.0224    0.018   0.03   0.16
Send                18    *      5    0.026   0.0224    0.018   0.01   0.02

Send                20    0      5    0.035    0.023    0.017   0.03   0.16
Send                20    *      5    0.035    0.023    0.017   0.01   0.02

Send                21    0      5    0.003   0.0022    0.002   0.00   0.02
Send                21    *      5    0.003   0.0022    0.002   0.00   0.00

Send                22    0      5    0.022   0.0192    0.017   0.03   0.14
Send                22    *      5    0.022   0.0192    0.017   0.00   0.02

Send                24    0      5    0.024   0.0192    0.016   0.03   0.14
Send                24    *      5    0.024   0.0192    0.016   0.00   0.02

Send                25    0      5    0.003   0.0026    0.002   0.00   0.02
Send                25    *      5    0.003   0.0026    0.002   0.00   0.00

Send                32    0      5    0.025   0.0214    0.018   0.03   0.15
Send                32    *      5    0.025   0.0214    0.018   0.00   0.02

Send                39    1      1    0.008    0.008    0.008   0.00   0.00
Send                39    *      1    0.008    0.008    0.008   0.00   0.00

Send                48    1      1    0.011    0.011    0.011   0.00   0.01
Send                48    *      1    0.011    0.011    0.011   0.00   0.00

Send                55    1      1     0.23     0.23     0.23   0.07   0.13
Send                55    *      1     0.23     0.23     0.23   0.01   0.05

Send                70    2      1    0.004    0.004    0.004   0.00   0.02
Send                70    *      1    0.004    0.004    0.004   0.00   0.00

Send                78    2      1    0.014    0.014    0.014   0.00   0.07
Send                78    *      1    0.014    0.014    0.014   0.00   0.00

Send                86    2      1    0.026    0.026    0.026   0.01   0.12
Send                86    *      1    0.026    0.026    0.026   0.00   0.01

Send               101    3      1    0.008    0.008    0.008   0.00   0.02
Send               101    *      1    0.008    0.008    0.008   0.00   0.00

Send               110    3      1    0.015    0.015    0.015   0.00   0.04
Send               110    *      1    0.015    0.015    0.015   0.00   0.00

Send               117    3      1    0.051    0.051    0.051   0.01   0.13
Send               117    *      1    0.051    0.051    0.051   0.00   0.01

Send               133    4      1     0.01     0.01     0.01   0.00   0.01
Send               133    *      1     0.01     0.01     0.01   0.00   0.00

Send               140    4      1     0.01     0.01     0.01   0.00   0.01
Send               140    *      1     0.01     0.01     0.01   0.00   0.00

Send               146    4      1    0.013    0.013    0.013   0.00   0.01
Send               146    *      1    0.013    0.013    0.013   0.00   0.00

Send               164    5      1    0.005    0.005    0.005   0.00   0.01
Send               164    *      1    0.005    0.005    0.005   0.00   0.00

Send               172    5      1    0.011    0.011    0.011   0.00   0.02
Send               172    *      1    0.011    0.011    0.011   0.00   0.00

Send               177    5      1    0.185    0.185    0.185   0.05   0.29
Send               177    *      1    0.185    0.185    0.185   0.01   0.04

Waitall              8    0      1     5.48     5.48     5.48   1.51   7.78
Waitall              8    *      1     5.48     5.48     5.48   0.25   1.13

Waitall             31    0      1    0.045    0.045    0.045   0.01   0.06
Waitall             31    *      1    0.045    0.045    0.045   0.00   0.01

Waitall             42    1      1     40.1     40.1     40.1  11.54  22.42
Waitall             42    *      1     40.1     40.1     40.1   1.86   8.23

Waitall             62    1      1      133      133      133  38.39  74.57
Waitall             62    *      1      133      133      133   6.20  27.38

Waitall             73    2      1     15.4     15.4     15.4   4.28  73.82
Waitall             73    *      1     15.4     15.4     15.4   0.72   3.16

Waitall             93    2      1     0.06     0.06     0.06   0.02   0.29
Waitall             93    *      1     0.06     0.06     0.06   0.00   0.01

Waitall            104    3      1     16.6     16.6     16.6   4.62  43.33
Waitall            104    *      1     16.6     16.6     16.6   0.77   3.42

Waitall            124    3      1     15.6     15.6     15.6   4.34  40.74
Waitall            124    *      1     15.6     15.6     15.6   0.73   3.21

Waitall            134    4      1     15.4     15.4     15.4   4.28  13.52
Waitall            134    *      1     15.4     15.4     15.4   0.72   3.17

Waitall            153    4      1     85.2     85.2     85.2  23.65  74.67
Waitall            153    *      1     85.2     85.2     85.2   3.96  17.50

Waitall            165    5      1    0.004    0.004    0.004   0.00   0.01
Waitall            165    *      1    0.004    0.004    0.004   0.00   0.00

Waitall            184    5      1    0.044    0.044    0.044   0.01   0.07
Waitall            184    *      1    0.044    0.044    0.044   0.00   0.01
---------------------------------------------------------------------------
@--- Callsite Message Sent statistics (all, sent bytes) -------------------
---------------------------------------------------------------------------
Name              Site Rank   Count       Max      Mean       Min       Sum
Allgather           26    0       1       256       256       256       256
Allgather           26    *       1       256       256       256       256

Allgather           56    1       1       256       256       256       256
Allgather           56    *       1       256       256       256       256

Allgather           87    2       1       256       256       256       256
Allgather           87    *       1       256       256       256       256

Allgather          118    3       1       256       256       256       256
Allgather          118    *       1       256       256       256       256

Allgather          149    4       1       256       256       256       256
Allgather          149    *       1       256       256       256       256

Allgather          180    5       1       256       256       256       256
Allgather          180    *       1       256       256       256       256

Isend               27    0       3      4608      3072      1536      9216
Isend               27    *       3      4608      3072      1536      9216

Isend               29    0       3      4608      3072      1536      9216
Isend               29    *       3      4608      3072      1536      9216

Isend               57    1       3      4608      3072      1536      9216
Isend               57    *       3      4608      3072      1536      9216

Isend               59    1       3      4608      3072      1536      9216
Isend               59    *       3      4608      3072      1536      9216

Isend               88    2       5      4608      3072      1536 1.536e+04
Isend               88    *       5      4608      3072      1536 1.536e+04

Isend               89    2       5      4608      3072      1536 1.536e+04
Isend               89    *       5      4608      3072      1536 1.536e+04

Isend              119    3       5      4608      3072      1536 1.536e+04
Isend              119    *       5      4608      3072      1536 1.536e+04

Isend              120    3       5      4608      3072      1536 1.536e+04
Isend              120    *       5      4608      3072      1536 1.536e+04

Isend              150    4       3      4608      3072      1536      9216
Isend              150    *       3      4608      3072      1536      9216

Isend              152    4       3      4608      3072      1536      9216
Isend              152    *       3      4608      3072      1536      9216

Isend              181    5       3      4608      3072      1536      9216
Isend              181    *       3      4608      3072      1536      9216

Isend              183    5       3      4608      3072      1536      9216
Isend              183    *       3      4608      3072      1536      9216

Send                 1    0       5 4.096e+04 4.096e+04 4.096e+04 2.048e+05
Send                 1    *       5 4.096e+04 4.096e+04 4.096e+04 2.048e+05

Send                 2    0       5 4.096e+04 4.096e+04 4.096e+04 2.048e+05
Send                 2    *       5 4.096e+04 4.096e+04 4.096e+04 2.048e+05

Send                 4    0       5 4.096e+04 4.096e+04 4.096e+04 2.048e+05
Send                 4    *       5 4.096e+04 4.096e+04 4.096e+04 2.048e+05

Send                 5    0       5 4.096e+04 4.096e+04 4.096e+04 2.048e+05
Send                 5    *       5 4.096e+04 4.096e+04 4.096e+04 2.048e+05

Send                 9    0       5 4.096e+04 4.096e+04 4.096e+04 2.048e+05
Send                 9    *       5 4.096e+04 4.096e+04 4.096e+04 2.048e+05

Send                10    0       5 4.096e+04 4.096e+04 4.096e+04 2.048e+05
Send                10    *       5 4.096e+04 4.096e+04 4.096e+04 2.048e+05

Send                11    0       5 4.096e+04 4.096e+04 4.096e+04 2.048e+05
Send                11    *       5 4.096e+04 4.096e+04 4.096e+04 2.048e+05

Send                12    0       5 4.096e+04 4.096e+04 4.096e+04 2.048e+05
Send                12    *       5 4.096e+04 4.096e+04 4.096e+04 2.048e+05

Send                15    0       5 4.096e+04 4.096e+04 4.096e+04 2.048e+05
Send                15    *       5 4.096e+04 4.096e+04 4.096e+04 2.048e+05

Send                17    0       5         4         4         4        20
Send                17    *       5         4         4         4        20

Send                18    0       5 4.096e+04 4.096e+04 4.096e+04 2.048e+05
Send                18    *       5 4.096e+04 4.096e+04 4.096e+04 2.048e+05

Send                20    0       5 4.096e+04 4.096e+04 4.096e+04 2.048e+05
Send                20    *       5 4.096e+04 4.096e+04 4.096e+04 2.048e+05

Send                21    0       5         4         4         4        20
Send                21    *       5         4         4         4        20

Send                22    0       5 4.096e+04 4.096e+04 4.096e+04 2.048e+05
Send                22    *       5 4.096e+04 4.096e+04 4.096e+04 2.048e+05

Send                24    0       5 4.096e+04 4.096e+04 4.096e+04 2.048e+05
Send                24    *       5 4.096e+04 4.096e+04 4.096e+04 2.048e+05

Send                25    0       5        24        24        24       120
Send                25    *       5        24        24        24       120

Send                32    0       5 4.096e+04 4.096e+04 4.096e+04 2.048e+05
Send                32    *       5 4.096e+04 4.096e+04 4.096e+04 2.048e+05

Send                39    1       1        24        24        24        24
Send                39    *       1        24        24        24        24

Send                48    1       1 4.096e+04 4.096e+04 4.096e+04 4.096e+04
Send                48    *       1 4.096e+04 4.096e+04 4.096e+04 4.096e+04

Send                55    1       1 4.096e+04 4.096e+04 4.096e+04 4.096e+04
Send                55    *       1 4.096e+04 4.096e+04 4.096e+04 4.096e+04

Send                70    2       1        24        24        24        24
Send                70    *       1        24        24        24        24

Send                78    2       1 4.096e+04 4.096e+04 4.096e+04 4.096e+04
Send                78    *       1 4.096e+04 4.096e+04 4.096e+04 4.096e+04

Send                86    2       1 4.096e+04 4.096e+04 4.096e+04 4.096e+04
Send                86    *       1 4.096e+04 4.096e+04 4.096e+04 4.096e+04

Send               101    3       1        24        24        24        24
Send               101    *       1        24        24        24        24

Send               110    3       1 4.096e+04 4.096e+04 4.096e+04 4.096e+04
Send               110    *       1 4.096e+04 4.096e+04 4.096e+04 4.096e+04

Send               117    3       1 4.096e+04 4.096e+04 4.096e+04 4.096e+04
Send               117    *       1 4.096e+04 4.096e+04 4.096e+04 4.096e+04

Send               133    4       1        24        24        24        24
Send               133    *       1        24        24        24        24

Send               140    4       1 4.096e+04 4.096e+04 4.096e+04 4.096e+04
Send               140    *       1 4.096e+04 4.096e+04 4.096e+04 4.096e+04

Send               146    4       1 4.096e+04 4.096e+04 4.096e+04 4.096e+04
Send               146    *       1 4.096e+04 4.096e+04 4.096e+04 4.096e+04

Send               164    5       1        24        24        24        24
Send               164    *       1        24        24        24        24

Send               172    5       1 4.096e+04 4.096e+04 4.096e+04 4.096e+04
Send               172    *       1 4.096e+04 4.096e+04 4.096e+04 4.096e+04

Send               177    5       1 4.096e+04 4.096e+04 4.096e+04 4.096e+04
Send               177    *       1 4.096e+04 4.096e+04 4.096e+04 4.096e+04
---------------------------------------------------------------------------
@--- End of Report --------------------------------------------------------
---------------------------------------------------------------------------
